<<<<<<< HEAD
2015-01-12 10:54:48,792 [10] FATAL Could not find Step class, Most Probable: Check feature file namespace or step class name
System.Reflection.TargetInvocationException: Exception has been thrown by the target of an invocation. ---> System.ArgumentNullException: Value cannot be null.
   at StepBinder.FunctionBinder.FindKey(String nameSpace, String hierarchy, String type, InvokeInfo& iI) in c:\_Tarsvin\source\application\StepBuilder\FunctionBinder.cs:line 16
   at StepBinder.FunctionBinder.CallBeforeFeature(String nameSpace, String hierarchy, String type) in c:\_Tarsvin\source\application\StepBuilder\FunctionBinder.cs:line 54
   at SunGard.PNE.CustomerSite.Specs.Features.Customer.ActivityLog..ctor() in c:\_Automation\Test\source\application\SunGard.PNE.Test.CustomerSite.Specs\Features\Customer\ActivityLog_feature.cs:line 13
   --- End of inner exception stack trace ---
   at System.RuntimeTypeHandle.CreateInstance(RuntimeType type, Boolean publicOnly, Boolean noCheck, Boolean& canBeCached, RuntimeMethodHandleInternal& ctor, Boolean& bNeedSecurityCheck)
   at System.RuntimeType.CreateInstanceSlow(Boolean publicOnly, Boolean skipCheckThis, Boolean fillCache, StackCrawlMark& stackMark)
   at System.RuntimeType.CreateInstanceDefaultCtor(Boolean publicOnly, Boolean skipCheckThis, Boolean fillCache, StackCrawlMark& stackMark)
   at System.Activator.CreateInstance(Type type, Boolean nonPublic)
   at System.Activator.CreateInstance(Type type)
   at Runner.Executor.ExcecuteTest(List`1 dlls) in c:\_Tarsvin\source\application\Runner\Executor.cs:line 39
2015-01-12 10:54:59,371 [1] FATAL Could not find Step class, Most Probable: Check feature file namespace or step class name
System.Reflection.TargetInvocationException: Exception has been thrown by the target of an invocation. ---> System.ArgumentNullException: Value cannot be null.
   at StepBinder.FunctionBinder.FindKey(String nameSpace, String hierarchy, String type, InvokeInfo& iI) in c:\_Tarsvin\source\application\StepBuilder\FunctionBinder.cs:line 16
   at StepBinder.FunctionBinder.CallBeforeFeature(String nameSpace, String hierarchy, String type) in c:\_Tarsvin\source\application\StepBuilder\FunctionBinder.cs:line 54
   at SunGard.PNE.CustomerSite.Specs.Features.Customer.ActivityLog..ctor() in c:\_Automation\Test\source\application\SunGard.PNE.Test.CustomerSite.Specs\Features\Customer\ActivityLog_feature.cs:line 13
   --- End of inner exception stack trace ---
   at System.RuntimeTypeHandle.CreateInstance(RuntimeType type, Boolean publicOnly, Boolean noCheck, Boolean& canBeCached, RuntimeMethodHandleInternal& ctor, Boolean& bNeedSecurityCheck)
   at System.RuntimeType.CreateInstanceSlow(Boolean publicOnly, Boolean skipCheckThis, Boolean fillCache, StackCrawlMark& stackMark)
   at System.RuntimeType.CreateInstanceDefaultCtor(Boolean publicOnly, Boolean skipCheckThis, Boolean fillCache, StackCrawlMark& stackMark)
   at System.Activator.CreateInstance(Type type, Boolean nonPublic)
   at System.Activator.CreateInstance(Type type)
   at Runner.Executor.ExcecuteTest(List`1 dlls) in c:\_Tarsvin\source\application\Runner\Executor.cs:line 39
2015-01-12 12:47:28,794 [9] FATAL Could not find Step class, Most Probable: Check feature file namespace or step class name
System.Reflection.TargetInvocationException: Exception has been thrown by the target of an invocation. ---> System.ArgumentNullException: Value cannot be null.
   at StepBinder.FunctionBinder.FindKey(String nameSpace, String hierarchy, String type, InvokeInfo& iI) in c:\_Tarsvin\source\application\StepBuilder\FunctionBinder.cs:line 16
   at StepBinder.FunctionBinder.CallBeforeFeature(String nameSpace, String hierarchy, String type) in c:\_Tarsvin\source\application\StepBuilder\FunctionBinder.cs:line 54
   at Tarsvin.FPBRTest.Specs.Features.Search..ctor() in c:\_Tarsvin\source\test\FPBRTest\Features\Search_feature.cs:line 12
   --- End of inner exception stack trace ---
   at System.RuntimeTypeHandle.CreateInstance(RuntimeType type, Boolean publicOnly, Boolean noCheck, Boolean& canBeCached, RuntimeMethodHandleInternal& ctor, Boolean& bNeedSecurityCheck)
   at System.RuntimeType.CreateInstanceSlow(Boolean publicOnly, Boolean skipCheckThis, Boolean fillCache, StackCrawlMark& stackMark)
   at System.RuntimeType.CreateInstanceDefaultCtor(Boolean publicOnly, Boolean skipCheckThis, Boolean fillCache, StackCrawlMark& stackMark)
   at System.Activator.CreateInstance(Type type, Boolean nonPublic)
   at System.Activator.CreateInstance(Type type)
   at Runner.Executor.ExcecuteTest(List`1 dlls) in c:\_Tarsvin\source\application\Runner\Executor.cs:line 39
2015-01-12 12:48:26,201 [1] FATAL Could not find Step class, Most Probable: Check feature file namespace or step class name
System.Reflection.TargetInvocationException: Exception has been thrown by the target of an invocation. ---> System.ArgumentNullException: Value cannot be null.
   at StepBinder.FunctionBinder.FindKey(String nameSpace, String hierarchy, String type, InvokeInfo& iI) in c:\_Tarsvin\source\application\StepBuilder\FunctionBinder.cs:line 16
   at StepBinder.FunctionBinder.CallBeforeFeature(String nameSpace, String hierarchy, String type) in c:\_Tarsvin\source\application\StepBuilder\FunctionBinder.cs:line 54
   at Tarsvin.FPBRTest.Specs.Features.Search..ctor() in c:\_Tarsvin\source\test\FPBRTest\Features\Search_feature.cs:line 12
   --- End of inner exception stack trace ---
   at System.RuntimeTypeHandle.CreateInstance(RuntimeType type, Boolean publicOnly, Boolean noCheck, Boolean& canBeCached, RuntimeMethodHandleInternal& ctor, Boolean& bNeedSecurityCheck)
   at System.RuntimeType.CreateInstanceSlow(Boolean publicOnly, Boolean skipCheckThis, Boolean fillCache, StackCrawlMark& stackMark)
   at System.RuntimeType.CreateInstanceDefaultCtor(Boolean publicOnly, Boolean skipCheckThis, Boolean fillCache, StackCrawlMark& stackMark)
   at System.Activator.CreateInstance(Type type, Boolean nonPublic)
   at System.Activator.CreateInstance(Type type)
   at Runner.Executor.ExcecuteTest(List`1 dlls) in c:\_Tarsvin\source\application\Runner\Executor.cs:line 39
2015-01-12 12:59:19,291 [9] FATAL Could not find Step class, Most Probable: Check feature file namespace or step class name
System.Reflection.TargetInvocationException: Exception has been thrown by the target of an invocation. ---> System.MissingMethodException: Attempted to access a missing method.
   at StepBinder.FunctionBinder.CallBeforeFeature(String nameSpace, String hierarchy, String type) in c:\_Tarsvin\source\application\StepBuilder\FunctionBinder.cs:line 61
   at Tarsvin.FPBRTest.Specs.Features.Search..ctor() in c:\_Tarsvin\source\test\FPBRTest\Features\Search_feature.cs:line 12
   --- End of inner exception stack trace ---
   at System.RuntimeTypeHandle.CreateInstance(RuntimeType type, Boolean publicOnly, Boolean noCheck, Boolean& canBeCached, RuntimeMethodHandleInternal& ctor, Boolean& bNeedSecurityCheck)
   at System.RuntimeType.CreateInstanceSlow(Boolean publicOnly, Boolean skipCheckThis, Boolean fillCache, StackCrawlMark& stackMark)
   at System.RuntimeType.CreateInstanceDefaultCtor(Boolean publicOnly, Boolean skipCheckThis, Boolean fillCache, StackCrawlMark& stackMark)
   at System.Activator.CreateInstance(Type type, Boolean nonPublic)
   at System.Activator.CreateInstance(Type type)
   at Runner.Executor.ExcecuteTest(List`1 dlls) in c:\_Tarsvin\source\application\Runner\Executor.cs:line 39
2015-01-12 12:59:30,964 [1] FATAL Could not find Step class, Most Probable: Check feature file namespace or step class name
System.Reflection.TargetInvocationException: Exception has been thrown by the target of an invocation. ---> System.MissingMethodException: Attempted to access a missing method.
   at StepBinder.FunctionBinder.CallBeforeFeature(String nameSpace, String hierarchy, String type) in c:\_Tarsvin\source\application\StepBuilder\FunctionBinder.cs:line 61
   at Tarsvin.FPBRTest.Specs.Features.Search..ctor() in c:\_Tarsvin\source\test\FPBRTest\Features\Search_feature.cs:line 12
   --- End of inner exception stack trace ---
   at System.RuntimeTypeHandle.CreateInstance(RuntimeType type, Boolean publicOnly, Boolean noCheck, Boolean& canBeCached, RuntimeMethodHandleInternal& ctor, Boolean& bNeedSecurityCheck)
   at System.RuntimeType.CreateInstanceSlow(Boolean publicOnly, Boolean skipCheckThis, Boolean fillCache, StackCrawlMark& stackMark)
   at System.RuntimeType.CreateInstanceDefaultCtor(Boolean publicOnly, Boolean skipCheckThis, Boolean fillCache, StackCrawlMark& stackMark)
   at System.Activator.CreateInstance(Type type, Boolean nonPublic)
   at System.Activator.CreateInstance(Type type)
   at Runner.Executor.ExcecuteTest(List`1 dlls) in c:\_Tarsvin\source\application\Runner\Executor.cs:line 39
2015-01-12 14:01:53,446 [9] FATAL Could not find Step class, Most Probable: Check feature file namespace or step class name
System.Reflection.TargetInvocationException: Exception has been thrown by the target of an invocation. ---> System.MissingMethodException: Attempted to access a missing method.
   at StepBinder.FunctionBinder.CallBeforeFeature(String nameSpace, String hierarchy, String type) in c:\_Tarsvin\source\application\StepBuilder\FunctionBinder.cs:line 61
   at Tarsvin.FPBRTest.Specs.Features.Search..ctor() in c:\_Tarsvin\source\test\FPBRTest\Features\Search_feature.cs:line 12
   --- End of inner exception stack trace ---
   at System.RuntimeTypeHandle.CreateInstance(RuntimeType type, Boolean publicOnly, Boolean noCheck, Boolean& canBeCached, RuntimeMethodHandleInternal& ctor, Boolean& bNeedSecurityCheck)
   at System.RuntimeType.CreateInstanceSlow(Boolean publicOnly, Boolean skipCheckThis, Boolean fillCache, StackCrawlMark& stackMark)
   at System.RuntimeType.CreateInstanceDefaultCtor(Boolean publicOnly, Boolean skipCheckThis, Boolean fillCache, StackCrawlMark& stackMark)
   at System.Activator.CreateInstance(Type type, Boolean nonPublic)
   at System.Activator.CreateInstance(Type type)
   at Runner.Executor.ExcecuteTest(List`1 dlls) in c:\_Tarsvin\source\application\Runner\Executor.cs:line 39
2015-01-12 14:02:28,762 [8] FATAL Could not find Step class, Most Probable: Check feature file namespace or step class name
System.Reflection.TargetInvocationException: Exception has been thrown by the target of an invocation. ---> System.MissingMethodException: Attempted to access a missing method.
   at StepBinder.FunctionBinder.CallBeforeFeature(String nameSpace, String hierarchy, String type) in c:\_Tarsvin\source\application\StepBuilder\FunctionBinder.cs:line 61
   at Tarsvin.FPBRTest.Specs.Features.Search..ctor() in c:\_Tarsvin\source\test\FPBRTest\Features\Search_feature.cs:line 12
   --- End of inner exception stack trace ---
   at System.RuntimeTypeHandle.CreateInstance(RuntimeType type, Boolean publicOnly, Boolean noCheck, Boolean& canBeCached, RuntimeMethodHandleInternal& ctor, Boolean& bNeedSecurityCheck)
   at System.RuntimeType.CreateInstanceSlow(Boolean publicOnly, Boolean skipCheckThis, Boolean fillCache, StackCrawlMark& stackMark)
   at System.RuntimeType.CreateInstanceDefaultCtor(Boolean publicOnly, Boolean skipCheckThis, Boolean fillCache, StackCrawlMark& stackMark)
   at System.Activator.CreateInstance(Type type, Boolean nonPublic)
   at System.Activator.CreateInstance(Type type)
   at Runner.Executor.ExcecuteTest(List`1 dlls) in c:\_Tarsvin\source\application\Runner\Executor.cs:line 39
2015-01-12 14:16:06,658 [10] FATAL Could not find Step class, Most Probable: Check feature file namespace or step class name
System.Reflection.TargetInvocationException: Exception has been thrown by the target of an invocation. ---> System.MissingMethodException: Attempted to access a missing method.
   at StepBinder.FunctionBinder.CallBeforeFeature(String nameSpace, String hierarchy, String type) in c:\_Tarsvin\source\application\StepBuilder\FunctionBinder.cs:line 61
   at Tarsvin.FPBRTest.Specs.Features.Search..ctor() in c:\_Tarsvin\source\test\FPBRTest\Features\Search_feature.cs:line 12
   --- End of inner exception stack trace ---
   at System.RuntimeTypeHandle.CreateInstance(RuntimeType type, Boolean publicOnly, Boolean noCheck, Boolean& canBeCached, RuntimeMethodHandleInternal& ctor, Boolean& bNeedSecurityCheck)
   at System.RuntimeType.CreateInstanceSlow(Boolean publicOnly, Boolean skipCheckThis, Boolean fillCache, StackCrawlMark& stackMark)
   at System.RuntimeType.CreateInstanceDefaultCtor(Boolean publicOnly, Boolean skipCheckThis, Boolean fillCache, StackCrawlMark& stackMark)
   at System.Activator.CreateInstance(Type type, Boolean nonPublic)
   at System.Activator.CreateInstance(Type type)
   at Runner.Executor.ExcecuteTest(List`1 dlls) in c:\_Tarsvin\source\application\Runner\Executor.cs:line 39
2015-01-12 14:16:18,186 [1] FATAL Could not find Step class, Most Probable: Check feature file namespace or step class name
System.Reflection.TargetInvocationException: Exception has been thrown by the target of an invocation. ---> System.MissingMethodException: Attempted to access a missing method.
   at StepBinder.FunctionBinder.CallBeforeFeature(String nameSpace, String hierarchy, String type) in c:\_Tarsvin\source\application\StepBuilder\FunctionBinder.cs:line 61
   at Tarsvin.FPBRTest.Specs.Features.Search..ctor() in c:\_Tarsvin\source\test\FPBRTest\Features\Search_feature.cs:line 12
   --- End of inner exception stack trace ---
   at System.RuntimeTypeHandle.CreateInstance(RuntimeType type, Boolean publicOnly, Boolean noCheck, Boolean& canBeCached, RuntimeMethodHandleInternal& ctor, Boolean& bNeedSecurityCheck)
   at System.RuntimeType.CreateInstanceSlow(Boolean publicOnly, Boolean skipCheckThis, Boolean fillCache, StackCrawlMark& stackMark)
   at System.RuntimeType.CreateInstanceDefaultCtor(Boolean publicOnly, Boolean skipCheckThis, Boolean fillCache, StackCrawlMark& stackMark)
   at System.Activator.CreateInstance(Type type, Boolean nonPublic)
   at System.Activator.CreateInstance(Type type)
   at Runner.Executor.ExcecuteTest(List`1 dlls) in c:\_Tarsvin\source\application\Runner\Executor.cs:line 39
2015-01-12 14:44:07,937 [10] FATAL Could not find Step class, Most Probable: Check feature file namespace or step class name
System.Reflection.TargetInvocationException: Exception has been thrown by the target of an invocation. ---> System.ArgumentNullException: Value cannot be null.
   at StepBinder.FunctionBinder.FindKey(String nameSpace, String hierarchy, String type, InvokeInfo& iI) in c:\_Tarsvin\source\application\StepBuilder\FunctionBinder.cs:line 16
   at StepBinder.FunctionBinder.CallBeforeFeature(String nameSpace, String hierarchy, String type) in c:\_Tarsvin\source\application\StepBuilder\FunctionBinder.cs:line 54
   at Tarsvin.FPBRTest.Specs.Features.FPBRTestSearch..ctor() in c:\_Tarsvin\source\test\FPBRTest\Features\Search_feature.cs:line 12
   --- End of inner exception stack trace ---
   at System.RuntimeTypeHandle.CreateInstance(RuntimeType type, Boolean publicOnly, Boolean noCheck, Boolean& canBeCached, RuntimeMethodHandleInternal& ctor, Boolean& bNeedSecurityCheck)
   at System.RuntimeType.CreateInstanceSlow(Boolean publicOnly, Boolean skipCheckThis, Boolean fillCache, StackCrawlMark& stackMark)
   at System.RuntimeType.CreateInstanceDefaultCtor(Boolean publicOnly, Boolean skipCheckThis, Boolean fillCache, StackCrawlMark& stackMark)
   at System.Activator.CreateInstance(Type type, Boolean nonPublic)
   at System.Activator.CreateInstance(Type type)
   at Runner.Executor.ExcecuteTest(List`1 dlls) in c:\_Tarsvin\source\application\Runner\Executor.cs:line 39
2015-01-12 14:44:20,178 [1] FATAL Could not find Step class, Most Probable: Check feature file namespace or step class name
System.Reflection.TargetInvocationException: Exception has been thrown by the target of an invocation. ---> System.ArgumentNullException: Value cannot be null.
   at StepBinder.FunctionBinder.FindKey(String nameSpace, String hierarchy, String type, InvokeInfo& iI) in c:\_Tarsvin\source\application\StepBuilder\FunctionBinder.cs:line 16
   at StepBinder.FunctionBinder.CallBeforeFeature(String nameSpace, String hierarchy, String type) in c:\_Tarsvin\source\application\StepBuilder\FunctionBinder.cs:line 54
   at Tarsvin.FPBRTest.Specs.Features.FPBRTestSearch..ctor() in c:\_Tarsvin\source\test\FPBRTest\Features\Search_feature.cs:line 12
   --- End of inner exception stack trace ---
   at System.RuntimeTypeHandle.CreateInstance(RuntimeType type, Boolean publicOnly, Boolean noCheck, Boolean& canBeCached, RuntimeMethodHandleInternal& ctor, Boolean& bNeedSecurityCheck)
   at System.RuntimeType.CreateInstanceSlow(Boolean publicOnly, Boolean skipCheckThis, Boolean fillCache, StackCrawlMark& stackMark)
   at System.RuntimeType.CreateInstanceDefaultCtor(Boolean publicOnly, Boolean skipCheckThis, Boolean fillCache, StackCrawlMark& stackMark)
   at System.Activator.CreateInstance(Type type, Boolean nonPublic)
   at System.Activator.CreateInstance(Type type)
   at Runner.Executor.ExcecuteTest(List`1 dlls) in c:\_Tarsvin\source\application\Runner\Executor.cs:line 39
2015-01-12 14:57:50,864 [6] INFO  Browser Loaded: IE
2015-01-12 14:58:08,732 [10] INFO  Browser Loaded: IE
2015-01-12 14:58:23,956 [9] INFO  ********************************************************************************
Scenario Namespace Tarsvin.FPBRTest.Specs.Features.FPBRTestSearch
Scenario Name SearchForTestPipe
Execution Time 00:00:44.0490000
Attributes:  
2015-01-12 14:58:23,962 [9] INFO  Smoke   
2015-01-12 14:58:23,963 [9] INFO  Search   
2015-01-12 14:58:23,964 [9] INFO  FPBRTest   
2015-01-12 14:58:23,967 [9] INFO  ********************************************************************************
Scenario Namespace Tarsvin.FPBRTest.Specs.Features.FPBRTestSearch
Scenario Name SearchForSomething
Execution Time 00:00:48.7410000
Attributes:  
2015-01-12 14:58:23,972 [9] INFO  FPBRTest   
2015-01-12 14:58:23,973 [9] INFO  Search   
2015-01-12 14:58:23,979 [9] INFO  *******************************************************************************
Troll Time: 00:00:49.0890000
*******************************************************************************
All available tests are completed
*******************************************************************************

2015-01-12 15:00:58,907 [1] FATAL Could not find Step class, Most Probable: Check feature file namespace or step class name
System.Reflection.TargetInvocationException: Exception has been thrown by the target of an invocation. ---> System.ArgumentNullException: Value cannot be null.
   at StepBinder.FunctionBinder.FindKey(String nameSpace, String hierarchy, String type, InvokeInfo& iI) in c:\_Tarsvin\source\application\StepBuilder\FunctionBinder.cs:line 16
   at StepBinder.FunctionBinder.CallBeforeFeature(String nameSpace, String hierarchy, String type) in c:\_Tarsvin\source\application\StepBuilder\FunctionBinder.cs:line 54
   at SunGard.PNE.CustomerSite.Specs.Features.Customer.ActivityLog..ctor() in c:\_Automation\Test\source\application\SunGard.PNE.Test.CustomerSite.Specs\Features\Customer\ActivityLog_feature.cs:line 13
   --- End of inner exception stack trace ---
   at System.RuntimeTypeHandle.CreateInstance(RuntimeType type, Boolean publicOnly, Boolean noCheck, Boolean& canBeCached, RuntimeMethodHandleInternal& ctor, Boolean& bNeedSecurityCheck)
   at System.RuntimeType.CreateInstanceSlow(Boolean publicOnly, Boolean skipCheckThis, Boolean fillCache, StackCrawlMark& stackMark)
   at System.RuntimeType.CreateInstanceDefaultCtor(Boolean publicOnly, Boolean skipCheckThis, Boolean fillCache, StackCrawlMark& stackMark)
   at System.Activator.CreateInstance(Type type, Boolean nonPublic)
   at System.Activator.CreateInstance(Type type)
   at Runner.Executor.ExcecuteTest(List`1 dlls) in c:\_Tarsvin\source\application\Runner\Executor.cs:line 39
2015-01-12 16:06:29,722 [6] INFO  Browser Loaded: IE
2015-01-12 16:06:29,870 [11] INFO  Browser Loaded: IE
2015-01-12 16:06:39,736 [10] INFO  ********************************************************************************
Scenario Namespace Tarsvin.FPBRTest.Specs.Features.FPBRTestSearch
Scenario Name SearchForSomething
Execution Time 00:00:11.8341833
Attributes:  
2015-01-12 16:06:39,746 [10] INFO  FPBRTest   
2015-01-12 16:06:39,749 [10] INFO  Search   
2015-01-12 16:06:39,755 [10] INFO  ********************************************************************************
Scenario Namespace Tarsvin.FPBRTest.Specs.Features.FPBRTestSearch
Scenario Name SearchForTestPipe
Execution Time 00:00:15.7665765
Attributes:  
2015-01-12 16:06:39,772 [10] INFO  Smoke   
2015-01-12 16:06:39,787 [10] INFO  Search   
2015-01-12 16:06:39,799 [10] INFO  FPBRTest   
2015-01-12 16:06:39,818 [10] INFO  *******************************************************************************
Troll Time: 00:00:16.0926091
*******************************************************************************
All available tests are completed
*******************************************************************************

2015-01-12 16:09:14,106 [9] FATAL Could not find Step class, Most Probable: Check feature file namespace or step class name
System.Reflection.TargetInvocationException: Exception has been thrown by the target of an invocation. ---> System.ArgumentNullException: Value cannot be null.
   at StepBinder.FunctionBinder.FindKey(String nameSpace, String hierarchy, String type, InvokeInfo& iI) in c:\_Tarsvin\source\application\StepBuilder\FunctionBinder.cs:line 16
   at StepBinder.FunctionBinder.CallBeforeFeature(String nameSpace, String hierarchy, String type) in c:\_Tarsvin\source\application\StepBuilder\FunctionBinder.cs:line 54
   at SunGard.PNE.CustomerSite.Specs.Features.Customer.ActivityLog..ctor() in c:\_Automation\Test\source\application\SunGard.PNE.Test.CustomerSite.Specs\Features\Customer\ActivityLog_feature.cs:line 13
   --- End of inner exception stack trace ---
   at System.RuntimeTypeHandle.CreateInstance(RuntimeType type, Boolean publicOnly, Boolean noCheck, Boolean& canBeCached, RuntimeMethodHandleInternal& ctor, Boolean& bNeedSecurityCheck)
   at System.RuntimeType.CreateInstanceSlow(Boolean publicOnly, Boolean skipCheckThis, Boolean fillCache, StackCrawlMark& stackMark)
   at System.RuntimeType.CreateInstanceDefaultCtor(Boolean publicOnly, Boolean skipCheckThis, Boolean fillCache, StackCrawlMark& stackMark)
   at System.Activator.CreateInstance(Type type, Boolean nonPublic)
   at System.Activator.CreateInstance(Type type)
   at Runner.Executor.ExcecuteTest(List`1 dlls) in c:\_Tarsvin\source\application\Runner\Executor.cs:line 39
2015-01-12 16:09:53,384 [9] FATAL Could not find Step class, Most Probable: Check feature file namespace or step class name
System.Reflection.TargetInvocationException: Exception has been thrown by the target of an invocation. ---> System.ArgumentNullException: Value cannot be null.
   at StepBinder.FunctionBinder.FindKey(String nameSpace, String hierarchy, String type, InvokeInfo& iI) in c:\_Tarsvin\source\application\StepBuilder\FunctionBinder.cs:line 16
   at StepBinder.FunctionBinder.CallBeforeFeature(String nameSpace, String hierarchy, String type) in c:\_Tarsvin\source\application\StepBuilder\FunctionBinder.cs:line 54
   at SunGard.PNE.CustomerSite.Specs.Features.Customer.ActivityLog..ctor() in c:\_Automation\Test\source\application\SunGard.PNE.Test.CustomerSite.Specs\Features\Customer\ActivityLog_feature.cs:line 13
   --- End of inner exception stack trace ---
   at System.RuntimeTypeHandle.CreateInstance(RuntimeType type, Boolean publicOnly, Boolean noCheck, Boolean& canBeCached, RuntimeMethodHandleInternal& ctor, Boolean& bNeedSecurityCheck)
   at System.RuntimeType.CreateInstanceSlow(Boolean publicOnly, Boolean skipCheckThis, Boolean fillCache, StackCrawlMark& stackMark)
   at System.RuntimeType.CreateInstanceDefaultCtor(Boolean publicOnly, Boolean skipCheckThis, Boolean fillCache, StackCrawlMark& stackMark)
   at System.Activator.CreateInstance(Type type, Boolean nonPublic)
   at System.Activator.CreateInstance(Type type)
   at Runner.Executor.ExcecuteTest(List`1 dlls) in c:\_Tarsvin\source\application\Runner\Executor.cs:line 39
2015-01-12 16:11:36,596 [1] FATAL Could not find Step class, Most Probable: Check feature file namespace or step class name
System.Reflection.TargetInvocationException: Exception has been thrown by the target of an invocation. ---> System.ArgumentNullException: Value cannot be null.
   at StepBinder.FunctionBinder.FindKey(String nameSpace, String hierarchy, String type, InvokeInfo& iI) in c:\_Tarsvin\source\application\StepBuilder\FunctionBinder.cs:line 16
   at StepBinder.FunctionBinder.CallBeforeFeature(String nameSpace, String hierarchy, String type) in c:\_Tarsvin\source\application\StepBuilder\FunctionBinder.cs:line 54
   at SunGard.PNE.CustomerSite.Specs.Features.Customer.ActivityLog..ctor() in c:\_Automation\Test\source\application\SunGard.PNE.Test.CustomerSite.Specs\Features\Customer\ActivityLog_feature.cs:line 13
   --- End of inner exception stack trace ---
   at System.RuntimeTypeHandle.CreateInstance(RuntimeType type, Boolean publicOnly, Boolean noCheck, Boolean& canBeCached, RuntimeMethodHandleInternal& ctor, Boolean& bNeedSecurityCheck)
   at System.RuntimeType.CreateInstanceSlow(Boolean publicOnly, Boolean skipCheckThis, Boolean fillCache, StackCrawlMark& stackMark)
   at System.RuntimeType.CreateInstanceDefaultCtor(Boolean publicOnly, Boolean skipCheckThis, Boolean fillCache, StackCrawlMark& stackMark)
   at System.Activator.CreateInstance(Type type, Boolean nonPublic)
   at System.Activator.CreateInstance(Type type)
   at Runner.Executor.ExcecuteTest(List`1 dlls) in c:\_Tarsvin\source\application\Runner\Executor.cs:line 39
2015-01-12 16:11:48,250 [9] FATAL Could not find Step class, Most Probable: Check feature file namespace or step class name
System.Reflection.TargetInvocationException: Exception has been thrown by the target of an invocation. ---> System.ArgumentNullException: Value cannot be null.
   at StepBinder.FunctionBinder.FindKey(String nameSpace, String hierarchy, String type, InvokeInfo& iI) in c:\_Tarsvin\source\application\StepBuilder\FunctionBinder.cs:line 16
   at StepBinder.FunctionBinder.CallBeforeFeature(String nameSpace, String hierarchy, String type) in c:\_Tarsvin\source\application\StepBuilder\FunctionBinder.cs:line 54
   at SunGard.PNE.CustomerSite.Specs.Features.Customer.ActivityLog..ctor() in c:\_Automation\Test\source\application\SunGard.PNE.Test.CustomerSite.Specs\Features\Customer\ActivityLog_feature.cs:line 13
   --- End of inner exception stack trace ---
   at System.RuntimeTypeHandle.CreateInstance(RuntimeType type, Boolean publicOnly, Boolean noCheck, Boolean& canBeCached, RuntimeMethodHandleInternal& ctor, Boolean& bNeedSecurityCheck)
   at System.RuntimeType.CreateInstanceSlow(Boolean publicOnly, Boolean skipCheckThis, Boolean fillCache, StackCrawlMark& stackMark)
   at System.RuntimeType.CreateInstanceDefaultCtor(Boolean publicOnly, Boolean skipCheckThis, Boolean fillCache, StackCrawlMark& stackMark)
   at System.Activator.CreateInstance(Type type, Boolean nonPublic)
   at System.Activator.CreateInstance(Type type)
   at Runner.Executor.ExcecuteTest(List`1 dlls) in c:\_Tarsvin\source\application\Runner\Executor.cs:line 39
2015-01-12 16:12:28,379 [9] FATAL Could not find Step class, Most Probable: Check feature file namespace or step class name
System.Reflection.TargetInvocationException: Exception has been thrown by the target of an invocation. ---> System.ArgumentNullException: Value cannot be null.
   at StepBinder.FunctionBinder.FindKey(String nameSpace, String hierarchy, String type, InvokeInfo& iI) in c:\_Tarsvin\source\application\StepBuilder\FunctionBinder.cs:line 16
   at StepBinder.FunctionBinder.CallBeforeFeature(String nameSpace, String hierarchy, String type) in c:\_Tarsvin\source\application\StepBuilder\FunctionBinder.cs:line 54
   at SunGard.PNE.CustomerSite.Specs.Features.Customer.ActivityLog..ctor() in c:\_Automation\Test\source\application\SunGard.PNE.Test.CustomerSite.Specs\Features\Customer\ActivityLog_feature.cs:line 13
   --- End of inner exception stack trace ---
   at System.RuntimeTypeHandle.CreateInstance(RuntimeType type, Boolean publicOnly, Boolean noCheck, Boolean& canBeCached, RuntimeMethodHandleInternal& ctor, Boolean& bNeedSecurityCheck)
   at System.RuntimeType.CreateInstanceSlow(Boolean publicOnly, Boolean skipCheckThis, Boolean fillCache, StackCrawlMark& stackMark)
   at System.RuntimeType.CreateInstanceDefaultCtor(Boolean publicOnly, Boolean skipCheckThis, Boolean fillCache, StackCrawlMark& stackMark)
   at System.Activator.CreateInstance(Type type, Boolean nonPublic)
   at System.Activator.CreateInstance(Type type)
   at Runner.Executor.ExcecuteTest(List`1 dlls) in c:\_Tarsvin\source\application\Runner\Executor.cs:line 39
2015-01-12 16:12:51,852 [10] FATAL Could not find Step class, Most Probable: Check feature file namespace or step class name
System.Reflection.TargetInvocationException: Exception has been thrown by the target of an invocation. ---> System.ArgumentNullException: Value cannot be null.
   at StepBinder.FunctionBinder.FindKey(String nameSpace, String hierarchy, String type, InvokeInfo& iI) in c:\_Tarsvin\source\application\StepBuilder\FunctionBinder.cs:line 16
   at StepBinder.FunctionBinder.CallBeforeFeature(String nameSpace, String hierarchy, String type) in c:\_Tarsvin\source\application\StepBuilder\FunctionBinder.cs:line 54
   at SunGard.PNE.CustomerSite.Specs.Features.Customer.ActivityLog..ctor() in c:\_Automation\Test\source\application\SunGard.PNE.Test.CustomerSite.Specs\Features\Customer\ActivityLog_feature.cs:line 13
   --- End of inner exception stack trace ---
   at System.RuntimeTypeHandle.CreateInstance(RuntimeType type, Boolean publicOnly, Boolean noCheck, Boolean& canBeCached, RuntimeMethodHandleInternal& ctor, Boolean& bNeedSecurityCheck)
   at System.RuntimeType.CreateInstanceSlow(Boolean publicOnly, Boolean skipCheckThis, Boolean fillCache, StackCrawlMark& stackMark)
   at System.RuntimeType.CreateInstanceDefaultCtor(Boolean publicOnly, Boolean skipCheckThis, Boolean fillCache, StackCrawlMark& stackMark)
   at System.Activator.CreateInstance(Type type, Boolean nonPublic)
   at System.Activator.CreateInstance(Type type)
   at Runner.Executor.ExcecuteTest(List`1 dlls) in c:\_Tarsvin\source\application\Runner\Executor.cs:line 39
2015-01-12 16:16:53,802 [9] FATAL Could not find Step class, Most Probable: Check feature file namespace or step class name
System.Reflection.TargetInvocationException: Exception has been thrown by the target of an invocation. ---> System.ArgumentNullException: Value cannot be null.
   at StepBinder.FunctionBinder.FindKey(String nameSpace, String hierarchy, String type, InvokeInfo& iI) in c:\_Tarsvin\source\application\StepBuilder\FunctionBinder.cs:line 16
   at StepBinder.FunctionBinder.CallBeforeFeature(String nameSpace, String hierarchy, String type) in c:\_Tarsvin\source\application\StepBuilder\FunctionBinder.cs:line 54
   at SunGard.PNE.Test.CustomerSite.Specs.CustomerSite.Specs.Features.Customer.ActivityLog..ctor() in c:\_Automation\Test\source\application\SunGard.PNE.Test.CustomerSite.Specs\Features\Customer\ActivityLog_feature.cs:line 13
   --- End of inner exception stack trace ---
   at System.RuntimeTypeHandle.CreateInstance(RuntimeType type, Boolean publicOnly, Boolean noCheck, Boolean& canBeCached, RuntimeMethodHandleInternal& ctor, Boolean& bNeedSecurityCheck)
   at System.RuntimeType.CreateInstanceSlow(Boolean publicOnly, Boolean skipCheckThis, Boolean fillCache, StackCrawlMark& stackMark)
   at System.RuntimeType.CreateInstanceDefaultCtor(Boolean publicOnly, Boolean skipCheckThis, Boolean fillCache, StackCrawlMark& stackMark)
   at System.Activator.CreateInstance(Type type, Boolean nonPublic)
   at System.Activator.CreateInstance(Type type)
   at Runner.Executor.ExcecuteTest(List`1 dlls) in c:\_Tarsvin\source\application\Runner\Executor.cs:line 39
2015-01-12 16:45:32,225 [1] FATAL Could not find Step class, Most Probable: Check feature file namespace or step class name
System.Reflection.TargetInvocationException: Exception has been thrown by the target of an invocation. ---> System.Reflection.TargetInvocationException: Exception has been thrown by the target of an invocation. ---> TestPipe.Core.Exceptions.TestPipeException: TestSession.Suite.Features does not contain a feature with title "ActivityLog".
   at TestPipe.Runner.RunnerHelper.LoadFeature(String title)
   at TestPipe.Runner.RunnerBase.SetupFeature(String title, String[] tags)
   at TestPipe.SpecFlow.Runner.SetupFeature(String[] tags, String title)
   at SunGard.PNE.Test.CustomerSite.Specs.Steps.StepHelper.SetupFeature(String[] tags, String title) in c:\_Automation\Test\source\application\SunGard.PNE.Test.CustomerSite.Specs\Steps\StepHelper.cs:line 46
   at SunGard.PNE.Test.CustomerSite.Specs.Steps.Customer.ActivityLogSteps.SetupFeature(String[] tags, String title) in c:\_Automation\Test\source\application\SunGard.PNE.Test.CustomerSite.Specs\Steps\Customer\ActivityLogSteps.cs:line 25
   --- End of inner exception stack trace ---
   at System.RuntimeMethodHandle.InvokeMethod(Object target, Object[] arguments, Signature sig, Boolean constructor)
   at System.Reflection.RuntimeMethodInfo.UnsafeInvokeInternal(Object obj, Object[] parameters, Object[] arguments)
   at System.Reflection.RuntimeMethodInfo.Invoke(Object obj, BindingFlags invokeAttr, Binder binder, Object[] parameters, CultureInfo culture)
   at System.Reflection.MethodBase.Invoke(Object obj, Object[] parameters)
   at StepBinder.FunctionBinder.CallBeforeFeature(String nameSpace, String hierarchy, String type) in c:\_Tarsvin\source\application\StepBuilder\FunctionBinder.cs:line 70
   at SunGard.PNE.Test.CustomerSite.Specs.Features.Customer.ActivityLog..ctor() in c:\_Automation\Test\source\application\SunGard.PNE.Test.CustomerSite.Specs\Features\Customer\ActivityLog_feature.cs:line 13
   --- End of inner exception stack trace ---
   at System.RuntimeTypeHandle.CreateInstance(RuntimeType type, Boolean publicOnly, Boolean noCheck, Boolean& canBeCached, RuntimeMethodHandleInternal& ctor, Boolean& bNeedSecurityCheck)
   at System.RuntimeType.CreateInstanceSlow(Boolean publicOnly, Boolean skipCheckThis, Boolean fillCache, StackCrawlMark& stackMark)
   at System.RuntimeType.CreateInstanceDefaultCtor(Boolean publicOnly, Boolean skipCheckThis, Boolean fillCache, StackCrawlMark& stackMark)
   at System.Activator.CreateInstance(Type type, Boolean nonPublic)
   at System.Activator.CreateInstance(Type type)
   at Runner.Executor.ExcecuteTest(List`1 dlls) in c:\_Tarsvin\source\application\Runner\Executor.cs:line 39
2015-01-12 16:54:19,152 [9] INFO  Browser Loaded: IE
2015-01-12 16:54:47,951 [12] INFO  Browser Loaded: IE
2015-01-12 16:54:48,251 [9] INFO  Browser Loaded: IE
2015-01-12 16:54:48,801 [10] INFO  Browser Loaded: IE
2015-01-12 16:54:49,228 [15] INFO  Browser Loaded: IE
<<<<<<< HEAD
2015-01-12 21:46:07,101 [10] INFO  Browser Loaded: IE
2015-01-12 21:46:07,446 [9] INFO  Browser Loaded: IE
2015-01-12 21:46:15,603 [8] INFO  ********************************************************************************
Scenario Namespace Tarsvin.FPBRTest.Specs.Features.FPBRTestSearch
Scenario Name SearchForTestPipe
Execution Time 00:00:12.2622261
Attributes:  
2015-01-12 21:46:15,616 [8] INFO  Smoke   
2015-01-12 21:46:15,620 [8] INFO  Search   
2015-01-12 21:46:15,622 [8] INFO  FPBRTest   
2015-01-12 21:46:15,626 [8] INFO  ********************************************************************************
Scenario Namespace Tarsvin.FPBRTest.Specs.Features.FPBRTestSearch
Scenario Name SearchForSomething
Execution Time 00:00:14.2404239
Attributes:  
2015-01-12 21:46:15,634 [8] INFO  FPBRTest   
2015-01-12 21:46:15,636 [8] INFO  Search   
2015-01-12 21:46:15,646 [8] INFO  *******************************************************************************
Troll Time: 00:00:14.5974596
*******************************************************************************
All available tests are completed
*******************************************************************************

2015-01-12 21:47:56,416 [12] INFO  Browser Loaded: IE
2015-01-12 21:47:56,758 [10] INFO  Browser Loaded: IE
2015-01-12 21:48:04,752 [9] INFO  ********************************************************************************
Scenario Namespace Tarsvin.FPBRTest.Specs.Features.FPBRTestSearch
Scenario Name SearchForSomething
Execution Time 00:00:09.4929492
Attributes:  
2015-01-12 21:48:04,775 [9] INFO  FPBRTest   
2015-01-12 21:48:04,778 [9] INFO  Search   
2015-01-12 21:48:04,784 [9] INFO  ********************************************************************************
Scenario Namespace Tarsvin.FPBRTest.Specs.Features.FPBRTestSearch
Scenario Name SearchForTestPipe
Execution Time 00:00:13.2803279
Attributes:  
2015-01-12 21:48:04,792 [9] INFO  Smoke   
2015-01-12 21:48:04,796 [9] INFO  Search   
2015-01-12 21:48:04,798 [9] INFO  FPBRTest   
2015-01-12 21:48:04,808 [9] INFO  *******************************************************************************
Troll Time: 00:00:13.6173616
=======
2015-01-12 17:10:42,570 [1] FATAL Could not find Step class, Most Probable: Check feature file namespace or step class name
System.Reflection.TargetInvocationException: Exception has been thrown by the target of an invocation. ---> System.Reflection.TargetInvocationException: Exception has been thrown by the target of an invocation. ---> System.IO.DirectoryNotFoundException: Could not find a part of the path 'C:\_Automation\Test\source\application\CustomerSite.Specs\Data\CustomerSite_suite.json'.
   at System.IO.__Error.WinIOError(Int32 errorCode, String maybeFullPath)
   at System.IO.FileStream.Init(String path, FileMode mode, FileAccess access, Int32 rights, Boolean useRights, FileShare share, Int32 bufferSize, FileOptions options, SECURITY_ATTRIBUTES secAttrs, String msgPath, Boolean bFromProxy, Boolean useLongPath, Boolean checkHost)
   at System.IO.FileStream..ctor(String path, FileMode mode, FileAccess access, FileShare share, Int32 bufferSize, FileOptions options, String msgPath, Boolean bFromProxy, Boolean useLongPath, Boolean checkHost)
   at System.IO.StreamReader..ctor(String path, Encoding encoding, Boolean detectEncodingFromByteOrderMarks, Int32 bufferSize, Boolean checkHost)
   at System.IO.StreamReader..ctor(String path)
   at TestPipe.Core.TestSession.Load(String path)
   at TestPipe.Core.TestSession.LoadData(String path)
   at TestPipe.Core.TestSession.LoadSuite(String path)
   at TestPipe.Runner.RunnerBase.SetupSuite()
   at TestPipe.Runner.RunnerBase.SetupFeature(String title, String[] tags)
   at TestPipe.SpecFlow.Runner.SetupFeature(String[] tags, String title)
   at Tarsvin.FPBRTest.Specs.Steps.StepHelper.SetupFeature(String[] tags, String title) in c:\_Automation\Tarsvin\source\test\FPBRTest\Steps\StepHelper.cs:line 33
   at Tarsvin.FPBRTest.Specs.Steps.FPBRTestSearchSteps.SetupFeature(String[] tags, String title) in c:\_Automation\Tarsvin\source\test\FPBRTest\Steps\SearchSteps.cs:line 25
   --- End of inner exception stack trace ---
   at System.RuntimeMethodHandle.InvokeMethod(Object target, Object[] arguments, Signature sig, Boolean constructor)
   at System.Reflection.RuntimeMethodInfo.UnsafeInvokeInternal(Object obj, Object[] parameters, Object[] arguments)
   at System.Reflection.RuntimeMethodInfo.Invoke(Object obj, BindingFlags invokeAttr, Binder binder, Object[] parameters, CultureInfo culture)
   at System.Reflection.MethodBase.Invoke(Object obj, Object[] parameters)
   at StepBinder.FunctionBinder.CallBeforeFeature(String nameSpace, String hierarchy, String type) in c:\_Automation\Tarsvin\source\application\StepBuilder\FunctionBinder.cs:line 70
   at Tarsvin.FPBRTest.Specs.Features.FPBRTestSearch..ctor() in c:\_Automation\Tarsvin\source\test\FPBRTest\Features\Search_feature.cs:line 12
   --- End of inner exception stack trace ---
   at System.RuntimeTypeHandle.CreateInstance(RuntimeType type, Boolean publicOnly, Boolean noCheck, Boolean& canBeCached, RuntimeMethodHandleInternal& ctor, Boolean& bNeedSecurityCheck)
   at System.RuntimeType.CreateInstanceSlow(Boolean publicOnly, Boolean skipCheckThis, Boolean fillCache, StackCrawlMark& stackMark)
   at System.RuntimeType.CreateInstanceDefaultCtor(Boolean publicOnly, Boolean skipCheckThis, Boolean fillCache, StackCrawlMark& stackMark)
   at System.Activator.CreateInstance(Type type, Boolean nonPublic)
   at System.Activator.CreateInstance(Type type)
   at Runner.Executor.ExcecuteTest(List`1 dlls) in c:\_Automation\Tarsvin\source\application\Runner\Executor.cs:line 39
2015-01-12 17:15:18,655 [1] FATAL Could not find Step class, Most Probable: Check feature file namespace or step class name
System.Reflection.TargetInvocationException: Exception has been thrown by the target of an invocation. ---> System.Reflection.TargetInvocationException: Exception has been thrown by the target of an invocation. ---> System.IO.DirectoryNotFoundException: Could not find a part of the path 'C:\_Automation\Test\source\application\CustomerSite.Specs\Data\CustomerSite_suite.json'.
   at System.IO.__Error.WinIOError(Int32 errorCode, String maybeFullPath)
   at System.IO.FileStream.Init(String path, FileMode mode, FileAccess access, Int32 rights, Boolean useRights, FileShare share, Int32 bufferSize, FileOptions options, SECURITY_ATTRIBUTES secAttrs, String msgPath, Boolean bFromProxy, Boolean useLongPath, Boolean checkHost)
   at System.IO.FileStream..ctor(String path, FileMode mode, FileAccess access, FileShare share, Int32 bufferSize, FileOptions options, String msgPath, Boolean bFromProxy, Boolean useLongPath, Boolean checkHost)
   at System.IO.StreamReader..ctor(String path, Encoding encoding, Boolean detectEncodingFromByteOrderMarks, Int32 bufferSize, Boolean checkHost)
   at System.IO.StreamReader..ctor(String path)
   at TestPipe.Core.TestSession.Load(String path)
   at TestPipe.Core.TestSession.LoadData(String path)
   at TestPipe.Core.TestSession.LoadSuite(String path)
   at TestPipe.Runner.RunnerBase.SetupSuite()
   at TestPipe.Runner.RunnerBase.SetupFeature(String title, String[] tags)
   at TestPipe.SpecFlow.Runner.SetupFeature(String[] tags, String title)
   at Tarsvin.FPBRTest.Specs.Steps.StepHelper.SetupFeature(String[] tags, String title) in c:\_Automation\Tarsvin\source\test\FPBRTest\Steps\StepHelper.cs:line 33
   at Tarsvin.FPBRTest.Specs.Steps.FPBRTestSearchSteps.SetupFeature(String[] tags, String title) in c:\_Automation\Tarsvin\source\test\FPBRTest\Steps\SearchSteps.cs:line 25
   --- End of inner exception stack trace ---
   at System.RuntimeMethodHandle.InvokeMethod(Object target, Object[] arguments, Signature sig, Boolean constructor)
   at System.Reflection.RuntimeMethodInfo.UnsafeInvokeInternal(Object obj, Object[] parameters, Object[] arguments)
   at System.Reflection.RuntimeMethodInfo.Invoke(Object obj, BindingFlags invokeAttr, Binder binder, Object[] parameters, CultureInfo culture)
   at System.Reflection.MethodBase.Invoke(Object obj, Object[] parameters)
   at StepBinder.FunctionBinder.CallBeforeFeature(String nameSpace, String hierarchy, String type) in c:\_Automation\Tarsvin\source\application\StepBuilder\FunctionBinder.cs:line 70
   at Tarsvin.FPBRTest.Specs.Features.FPBRTestSearch..ctor() in c:\_Automation\Tarsvin\source\test\FPBRTest\Features\Search_feature.cs:line 12
   --- End of inner exception stack trace ---
   at System.RuntimeTypeHandle.CreateInstance(RuntimeType type, Boolean publicOnly, Boolean noCheck, Boolean& canBeCached, RuntimeMethodHandleInternal& ctor, Boolean& bNeedSecurityCheck)
   at System.RuntimeType.CreateInstanceSlow(Boolean publicOnly, Boolean skipCheckThis, Boolean fillCache, StackCrawlMark& stackMark)
   at System.RuntimeType.CreateInstanceDefaultCtor(Boolean publicOnly, Boolean skipCheckThis, Boolean fillCache, StackCrawlMark& stackMark)
   at System.Activator.CreateInstance(Type type, Boolean nonPublic)
   at System.Activator.CreateInstance(Type type)
   at Runner.Executor.ExcecuteTest(List`1 dlls) in c:\_Automation\Tarsvin\source\application\Runner\Executor.cs:line 39
2015-01-12 17:17:11,995 [1] FATAL Could not find Step class, Most Probable: Check feature file namespace or step class name
System.Reflection.TargetInvocationException: Exception has been thrown by the target of an invocation. ---> System.Reflection.TargetInvocationException: Exception has been thrown by the target of an invocation. ---> TestPipe.Core.Exceptions.TestPipeException: TestSession.Suite.Features does not contain a feature with title "FPBRTestSearch".
   at TestPipe.Runner.RunnerHelper.LoadFeature(String title)
   at TestPipe.Runner.RunnerBase.SetupFeature(String title, String[] tags)
   at TestPipe.SpecFlow.Runner.SetupFeature(String[] tags, String title)
   at Tarsvin.FPBRTest.Specs.Steps.StepHelper.SetupFeature(String[] tags, String title) in c:\_Automation\Tarsvin\source\test\FPBRTest\Steps\StepHelper.cs:line 33
   at Tarsvin.FPBRTest.Specs.Steps.FPBRTestSearchSteps.SetupFeature(String[] tags, String title) in c:\_Automation\Tarsvin\source\test\FPBRTest\Steps\SearchSteps.cs:line 25
   --- End of inner exception stack trace ---
   at System.RuntimeMethodHandle.InvokeMethod(Object target, Object[] arguments, Signature sig, Boolean constructor)
   at System.Reflection.RuntimeMethodInfo.UnsafeInvokeInternal(Object obj, Object[] parameters, Object[] arguments)
   at System.Reflection.RuntimeMethodInfo.Invoke(Object obj, BindingFlags invokeAttr, Binder binder, Object[] parameters, CultureInfo culture)
   at System.Reflection.MethodBase.Invoke(Object obj, Object[] parameters)
   at StepBinder.FunctionBinder.CallBeforeFeature(String nameSpace, String hierarchy, String type) in c:\_Automation\Tarsvin\source\application\StepBuilder\FunctionBinder.cs:line 70
   at Tarsvin.FPBRTest.Specs.Features.FPBRTestSearch..ctor() in c:\_Automation\Tarsvin\source\test\FPBRTest\Features\Search_feature.cs:line 12
   --- End of inner exception stack trace ---
   at System.RuntimeTypeHandle.CreateInstance(RuntimeType type, Boolean publicOnly, Boolean noCheck, Boolean& canBeCached, RuntimeMethodHandleInternal& ctor, Boolean& bNeedSecurityCheck)
   at System.RuntimeType.CreateInstanceSlow(Boolean publicOnly, Boolean skipCheckThis, Boolean fillCache, StackCrawlMark& stackMark)
   at System.RuntimeType.CreateInstanceDefaultCtor(Boolean publicOnly, Boolean skipCheckThis, Boolean fillCache, StackCrawlMark& stackMark)
   at System.Activator.CreateInstance(Type type, Boolean nonPublic)
   at System.Activator.CreateInstance(Type type)
   at Runner.Executor.ExcecuteTest(List`1 dlls) in c:\_Automation\Tarsvin\source\application\Runner\Executor.cs:line 39
2015-01-12 17:17:50,288 [1] FATAL Could not find Step class, Most Probable: Check feature file namespace or step class name
System.Reflection.TargetInvocationException: Exception has been thrown by the target of an invocation. ---> System.Reflection.TargetInvocationException: Exception has been thrown by the target of an invocation. ---> TestPipe.Core.Exceptions.TestPipeException: TestSession.Suite.Features does not contain a feature with title "FPBRTestSearch".
   at TestPipe.Runner.RunnerHelper.LoadFeature(String title)
   at TestPipe.Runner.RunnerBase.SetupFeature(String title, String[] tags)
   at TestPipe.SpecFlow.Runner.SetupFeature(String[] tags, String title)
   at Tarsvin.FPBRTest.Specs.Steps.StepHelper.SetupFeature(String[] tags, String title) in c:\_Automation\Tarsvin\source\test\FPBRTest\Steps\StepHelper.cs:line 33
   at Tarsvin.FPBRTest.Specs.Steps.FPBRTestSearchSteps.SetupFeature(String[] tags, String title) in c:\_Automation\Tarsvin\source\test\FPBRTest\Steps\SearchSteps.cs:line 25
   --- End of inner exception stack trace ---
   at System.RuntimeMethodHandle.InvokeMethod(Object target, Object[] arguments, Signature sig, Boolean constructor)
   at System.Reflection.RuntimeMethodInfo.UnsafeInvokeInternal(Object obj, Object[] parameters, Object[] arguments)
   at System.Reflection.RuntimeMethodInfo.Invoke(Object obj, BindingFlags invokeAttr, Binder binder, Object[] parameters, CultureInfo culture)
   at System.Reflection.MethodBase.Invoke(Object obj, Object[] parameters)
   at StepBinder.FunctionBinder.CallBeforeFeature(String nameSpace, String hierarchy, String type) in c:\_Automation\Tarsvin\source\application\StepBuilder\FunctionBinder.cs:line 70
   at Tarsvin.FPBRTest.Specs.Features.FPBRTestSearch..ctor() in c:\_Automation\Tarsvin\source\test\FPBRTest\Features\Search_feature.cs:line 12
   --- End of inner exception stack trace ---
   at System.RuntimeTypeHandle.CreateInstance(RuntimeType type, Boolean publicOnly, Boolean noCheck, Boolean& canBeCached, RuntimeMethodHandleInternal& ctor, Boolean& bNeedSecurityCheck)
   at System.RuntimeType.CreateInstanceSlow(Boolean publicOnly, Boolean skipCheckThis, Boolean fillCache, StackCrawlMark& stackMark)
   at System.RuntimeType.CreateInstanceDefaultCtor(Boolean publicOnly, Boolean skipCheckThis, Boolean fillCache, StackCrawlMark& stackMark)
   at System.Activator.CreateInstance(Type type, Boolean nonPublic)
   at System.Activator.CreateInstance(Type type)
   at Runner.Executor.ExcecuteTest(List`1 dlls) in c:\_Automation\Tarsvin\source\application\Runner\Executor.cs:line 39
2015-01-12 17:21:51,476 [3] INFO  Browser Loaded: IE
2015-01-12 17:22:27,905 [3] INFO  Browser Loaded: IE
2015-01-12 17:22:30,617 [4] INFO  Browser Loaded: IE
2015-01-12 17:22:33,641 [7] INFO  Browser Loaded: IE
2015-01-12 17:22:36,433 [6] INFO  Browser Loaded: IE
2015-01-12 17:23:08,032 [3] INFO  Browser Loaded: IE
2015-01-12 17:23:30,560 [11] INFO  Browser Loaded: IE
2015-01-12 17:23:35,108 [3] INFO  Browser Loaded: IE
2015-01-12 17:23:59,063 [8] INFO  Browser Loaded: IE
2015-01-12 17:24:02,199 [3] INFO  Browser Loaded: IE
2015-01-12 17:24:05,459 [13] INFO  Browser Loaded: IE
2015-01-12 17:24:28,049 [8] INFO  Browser Loaded: IE
2015-01-12 17:24:45,334 [9] INFO  Browser Loaded: IE
2015-01-12 17:24:47,815 [7] INFO  Browser Loaded: IE
2015-01-12 17:25:14,806 [12] INFO  Browser Loaded: IE
2015-01-12 17:25:18,783 [6] INFO  Browser Loaded: IE
2015-01-12 17:25:20,867 [7] INFO  Browser Loaded: IE
2015-01-12 17:25:24,360 [4] INFO  Browser Loaded: IE
2015-01-12 17:25:26,925 [15] INFO  Browser Loaded: IE
2015-01-12 17:25:30,304 [9] INFO  Browser Loaded: IE
2015-01-12 17:26:08,720 [7] INFO  Browser Loaded: IE
2015-01-12 17:26:11,952 [14] INFO  Browser Loaded: IE
2015-01-12 17:26:12,732 [15] INFO  Browser Loaded: IE
2015-01-12 17:26:12,782 [12] INFO  Browser Loaded: IE
2015-01-12 17:26:12,801 [4] INFO  Browser Loaded: IE
2015-01-12 17:26:54,830 [18] INFO  Browser Loaded: IE
2015-01-12 17:27:15,678 [18] INFO  Browser Loaded: IE
2015-01-12 17:27:19,346 [8] INFO  Browser Loaded: IE
2015-01-12 17:27:21,198 [16] INFO  Browser Loaded: IE
2015-01-12 17:27:23,891 [13] INFO  Browser Loaded: IE
2015-01-12 17:27:26,284 [17] INFO  Browser Loaded: IE
2015-01-12 17:27:41,036 [1] INFO  ********************************************************************************
Scenario Namespace SunGard.PNE.Test.CustomerSite.Specs.Features.Customer.ActivityLog
Scenario Name LoggedInUserShouldSeeFirstEntry
Execution Time 00:00:33.7515534
Attributes:  
2015-01-12 17:27:41,047 [1] INFO  CustomerSite   
2015-01-12 17:27:41,047 [1] INFO  Customer   
2015-01-12 17:27:41,048 [1] INFO  ActivityLog   
2015-01-12 17:27:41,049 [1] INFO  Smoke   
2015-01-12 17:27:41,052 [1] INFO  ********************************************************************************
Scenario Namespace SunGard.PNE.Test.CustomerSite.Specs.Features.Customer.CustomerSiteAddEditVendor
Scenario Name AddABlankVendor
Execution Time 00:00:16.8502572
Attributes:  
2015-01-12 17:27:41,060 [1] INFO  AddEditVendor   
2015-01-12 17:27:41,061 [1] INFO  CustomerSite   
2015-01-12 17:27:41,062 [1] INFO  Customer   
2015-01-12 17:27:41,065 [1] INFO  ********************************************************************************
Scenario Namespace SunGard.PNE.Test.CustomerSite.Specs.Features.Customer.CustomerSiteAddEditVendor
Scenario Name VendorAlreadyExists
Execution Time 00:00:27.9748056
Attributes:  
2015-01-12 17:27:41,074 [1] INFO  AddEditVendor   
2015-01-12 17:27:41,074 [1] INFO  Customer   
2015-01-12 17:27:41,075 [1] INFO  CustomerSite   
2015-01-12 17:27:41,084 [1] INFO  --------------------
   at TestPipe.Core.Control.BaseControl.get_Displayed()
   at SunGard.PNE.Test.CustomerSite.Pages.Customer.AddEditVendorPage.<IDAlreadyExistsErrorDispalyed>b__4() in c:\_Automation\test\source\application\SunGard.PNE.Test.CustomerSite.Pages\Customer\AddEditVendorPage.cs:line 516
   at SunGard.PNE.Test.CustomerSite.Pages.Customer.AddEditVendorPage.Timeout(UInt32 timeoutInSeconds, Func`1 action) in c:\_Automation\test\source\application\SunGard.PNE.Test.CustomerSite.Pages\Customer\AddEditVendorPage.cs:line 614
   at SunGard.PNE.Test.CustomerSite.Pages.Customer.AddEditVendorPage.IDAlreadyExistsErrorDispalyed() in c:\_Automation\test\source\application\SunGard.PNE.Test.CustomerSite.Pages\Customer\AddEditVendorPage.cs:line 517
   at SunGard.PNE.Test.CustomerSite.Specs.Steps.Customer.CustomerSiteAddEditVendorSteps.ThenIdAlreadyExistsErrorDisplayed() in c:\_Automation\test\source\application\SunGard.PNE.Test.CustomerSite.Specs\Steps\Customer\AddEditVendorSteps.cs:line 223

  Message: Object reference not set to an instance of an object.
--------------------

2015-01-12 17:27:41,126 [1] INFO  ********************************************************************************
Scenario Namespace SunGard.PNE.Test.CustomerSite.Specs.Features.Customer.CustomerSiteAddEditVendor
Scenario Name InvalidZipPhoneAndEmail
Execution Time 00:00:28.0317828
Attributes:  
2015-01-12 17:27:41,149 [1] INFO  AddEditVendor   
2015-01-12 17:27:41,150 [1] INFO  Customer   
2015-01-12 17:27:41,156 [1] INFO  CustomerSite   
2015-01-12 17:27:41,164 [1] INFO  ********************************************************************************
Scenario Namespace SunGard.PNE.Test.CustomerSite.Specs.Features.Customer.CustomerSiteAddEditVendor
Scenario Name AddAVendor
Execution Time 00:00:32.8738452
Attributes:  
2015-01-12 17:27:41,173 [1] INFO  Customer   
2015-01-12 17:27:41,174 [1] INFO  AddEditVendor   
2015-01-12 17:27:41,175 [1] INFO  CustomerSite   
2015-01-12 17:27:41,180 [1] INFO  ********************************************************************************
Scenario Namespace SunGard.PNE.Test.CustomerSite.Specs.Features.Customer.Jobs.CustomerSiteBatchDetail
Scenario Name ViewBatchDetail
Execution Time 00:00:29.3872404
Attributes:  
2015-01-12 17:27:41,198 [1] INFO  BatchDetail   
2015-01-12 17:27:41,207 [1] INFO  ********************************************************************************
Scenario Namespace SunGard.PNE.Test.CustomerSite.Specs.Features.Customer.Jobs.CustomerSiteUploadFile
Scenario Name UploadAFileAndSubmitPaymentsForProcessing
Execution Time 00:00:18.0837636
Attributes:  
2015-01-12 17:27:41,219 [1] INFO  CustomerSite   
2015-01-12 17:27:41,220 [1] INFO  Smoke   
2015-01-12 17:27:41,221 [1] INFO  UploadFile   
2015-01-12 17:27:41,233 [1] INFO  --------------------
   at StepBinder.FunctionBinder.FetchExecuteStep(String nameSpace, String hierarchy, String type, String functionName, Object obj) in c:\_Automation\Tarsvin\source\application\StepBuilder\FunctionBinder.cs:line 200
   at StepBinder.FunctionBinder.And(String nameSpace, String hierarchy, String type, String functionName, Object obj) in c:\_Automation\Tarsvin\source\application\StepBuilder\FunctionBinder.cs:line 172
   at SunGard.PNE.Test.CustomerSite.Specs.Features.Customer.Jobs.CustomerSiteUploadFile.UploadAFileAndSubmitPaymentsForProcessing() in c:\_Automation\test\source\application\SunGard.PNE.Test.CustomerSite.Specs\Features\Customer\Jobs\UploadFile_feature.cs:line 50

  Message: Method 'SunGard.PNE.Test.CustomerSite.Specs.Steps.Customer.Jobs.CustomerSiteUploadFileSteps.GivenIChooseAFile' not found.
--------------------

2015-01-12 17:27:41,261 [1] INFO  ********************************************************************************
Scenario Namespace SunGard.PNE.Test.CustomerSite.Specs.Features.Customer.Jobs.CustomerSiteUploadFile
Scenario Name ChooseABadFile
Execution Time 00:00:22.7498964
Attributes:  
2015-01-12 17:27:41,276 [1] INFO  Smoke   
2015-01-12 17:27:41,277 [1] INFO  UploadFile   
2015-01-12 17:27:41,278 [1] INFO  CustomerSite   
2015-01-12 17:27:41,283 [1] INFO  --------------------
   at StepBinder.FunctionBinder.FetchExecuteStep(String nameSpace, String hierarchy, String type, String functionName, Object obj) in c:\_Automation\Tarsvin\source\application\StepBuilder\FunctionBinder.cs:line 200
   at StepBinder.FunctionBinder.And(String nameSpace, String hierarchy, String type, String functionName, Object obj) in c:\_Automation\Tarsvin\source\application\StepBuilder\FunctionBinder.cs:line 172
   at SunGard.PNE.Test.CustomerSite.Specs.Features.Customer.Jobs.CustomerSiteUploadFile.ChooseABadFile() in c:\_Automation\test\source\application\SunGard.PNE.Test.CustomerSite.Specs\Features\Customer\Jobs\UploadFile_feature.cs:line 36

  Message: Method 'SunGard.PNE.Test.CustomerSite.Specs.Steps.Customer.Jobs.CustomerSiteUploadFileSteps.GivenIChooseAFile' not found.
--------------------

2015-01-12 17:27:41,306 [1] INFO  ********************************************************************************
Scenario Namespace SunGard.PNE.Test.CustomerSite.Specs.Features.Customer.CustomerSiteMyProfile
Scenario Name CanUpdateMyProfile
Execution Time 00:00:22.2281052
Attributes:  
2015-01-12 17:27:41,319 [1] INFO  MyProfile   
2015-01-12 17:27:41,320 [1] INFO  CustomerSite   
2015-01-12 17:27:41,321 [1] INFO  Customer   
2015-01-12 17:27:41,325 [1] INFO  ********************************************************************************
Scenario Namespace SunGard.PNE.Test.CustomerSite.Specs.Features.Customer.CustomerSiteMyProfile
Scenario Name NotEnoughCharactersInUserNameField
Execution Time 00:00:24.7430988
Attributes:  
2015-01-12 17:27:41,336 [1] INFO  MyProfile   
2015-01-12 17:27:41,341 [1] INFO  ********************************************************************************
Scenario Namespace SunGard.PNE.Test.CustomerSite.Specs.Features.Customer.CustomerSiteMyProfile
Scenario Name CanNotUpdateMyProfileWithInvalidData
Execution Time 00:00:31.1575320
Attributes:  
2015-01-12 17:27:41,352 [1] INFO  CustomerSite   
2015-01-12 17:27:41,353 [1] INFO  Customer   
2015-01-12 17:27:41,355 [1] INFO  MyProfile   
2015-01-12 17:27:41,358 [1] INFO  ********************************************************************************
Scenario Namespace SunGard.PNE.Test.CustomerSite.Specs.Features.Customer.Reports.CardSettlement
Scenario Name ValidateStatus
Execution Time 00:00:18.6995172
Attributes:  
2015-01-12 17:27:41,368 [1] INFO  CustomeSite   
2015-01-12 17:27:41,369 [1] INFO  CardSettlement   
2015-01-12 17:27:41,369 [1] INFO  Reports   
2015-01-12 17:27:41,373 [1] INFO  ********************************************************************************
Scenario Namespace SunGard.PNE.Test.CustomerSite.Specs.Features.Customer.CustomerSiteFooter
Scenario Name UserGoesToPrivacyPolicyPage
Execution Time 00:00:23.6305440
Attributes:  
2015-01-12 17:27:41,384 [1] INFO  CustomerSite   
2015-01-12 17:27:41,385 [1] INFO  Smoke   
2015-01-12 17:27:41,386 [1] INFO  Customer   
2015-01-12 17:27:41,388 [1] INFO  CustomerSiteFooter   
2015-01-12 17:27:41,392 [1] INFO  --------------------
  Message:   Expected: True
  But was:  False

--------------------

2015-01-12 17:27:41,402 [1] INFO  ********************************************************************************
Scenario Namespace SunGard.PNE.Test.CustomerSite.Specs.Features.Customer.CustomerSiteFooter
Scenario Name UserGoesToTermsOfUsePage
Execution Time 00:00:24.2203080
Attributes:  
2015-01-12 17:27:41,412 [1] INFO  Smoke   
2015-01-12 17:27:41,413 [1] INFO  CustomerSite   
2015-01-12 17:27:41,414 [1] INFO  CustomerSiteFooter   
2015-01-12 17:27:41,415 [1] INFO  Customer   
2015-01-12 17:27:41,418 [1] INFO  --------------------
  Message:   Previous page is not open
  Expected: True
  But was:  False

--------------------

2015-01-12 17:27:41,429 [1] INFO  ********************************************************************************
Scenario Namespace SunGard.PNE.Test.CustomerSite.Specs.Features.CustomerSiteForgotCredentials
Scenario Name GetForgottenPasswordWithValidKnownUsername
Execution Time 00:00:20.5707684
Attributes:  
2015-01-12 17:27:41,439 [1] INFO  CustomerSite   
2015-01-12 17:27:41,441 [1] INFO  User   
2015-01-12 17:27:41,442 [1] INFO  ForgotCredentials   
2015-01-12 17:27:41,443 [1] INFO  Smoke   
2015-01-12 17:27:41,446 [1] INFO  ********************************************************************************
Scenario Namespace SunGard.PNE.Test.CustomerSite.Specs.Features.CustomerSiteForgotCredentials
Scenario Name GetForgottenWithEmptyCredentials
Execution Time 00:00:22.6919196
Attributes:  
2015-01-12 17:27:41,457 [1] INFO  User   
2015-01-12 17:27:41,459 [1] INFO  ForgotCredentials   
2015-01-12 17:27:41,460 [1] INFO  CustomerSite   
2015-01-12 17:27:41,481 [1] INFO  --------------------
  Message:   Expected string length 70 but was 0. Strings differ at index 0.
  Expected: "Please enter data into the User Name field OR the Email Addre..."
  But was:  <string.Empty>
  -----------^

--------------------

2015-01-12 17:27:41,493 [1] INFO  ********************************************************************************
Scenario Namespace SunGard.PNE.Test.CustomerSite.Specs.Features.CustomerSiteForgotCredentials
Scenario Name GetForgottenUsernameWithValidKnownEmailAddress
Execution Time 00:00:26.4294240
Attributes:  
2015-01-12 17:27:41,503 [1] INFO  User   
2015-01-12 17:27:41,504 [1] INFO  Smoke   
2015-01-12 17:27:41,506 [1] INFO  ForgotCredentials   
2015-01-12 17:27:41,507 [1] INFO  CustomerSite   
2015-01-12 17:27:41,511 [1] INFO  ********************************************************************************
Scenario Namespace SunGard.PNE.Test.CustomerSite.Specs.Features.CustomerSiteForgotCredentials
Scenario Name CancelForgotCredentialsScreen
Execution Time 00:00:29.0153892
Attributes:  
2015-01-12 17:27:41,524 [1] INFO  ForgotCredentials   
2015-01-12 17:27:41,526 [1] INFO  CustomerSite   
2015-01-12 17:27:41,528 [1] INFO  User   
2015-01-12 17:27:41,532 [1] INFO  ********************************************************************************
Scenario Namespace SunGard.PNE.Test.CustomerSite.Specs.Features.CustomerSiteForgotCredentials
Scenario Name GetForgottenCredentialWithEmailAddressAndPasswordForMaxAttempt
Execution Time 00:00:33.5295828
Attributes:  
2015-01-12 17:27:41,544 [1] INFO  User   
2015-01-12 17:27:41,545 [1] INFO  CustomerSite   
2015-01-12 17:27:41,546 [1] INFO  ForgotCredentials   
2015-01-12 17:27:41,551 [1] INFO  --------------------
  Message:   String lengths are both 70. Strings differ at index 0.
  Expected: "You have exceeded maximum attempts.  Please contact us for as..."
  But was:  "Please enter data into the User Name field OR the Email Addre..."
  -----------^

--------------------

2015-01-12 17:27:41,564 [1] INFO  ********************************************************************************
Scenario Namespace SunGard.PNE.Test.CustomerSite.Specs.Features.CustomerSiteForgotCredentials
Scenario Name GetForgottenCredentialWithEmailAddressAndPassword
Execution Time 00:00:37.0921572
Attributes:  
2015-01-12 17:27:41,577 [1] INFO  User   
2015-01-12 17:27:41,579 [1] INFO  CustomerSite   
2015-01-12 17:27:41,580 [1] INFO  ForgotCredentials   
2015-01-12 17:27:41,583 [1] INFO  ********************************************************************************
Scenario Namespace SunGard.PNE.Test.CustomerSite.Specs.Features.CustomerSiteLogin
Scenario Name LoginWithEmptyUsername
Execution Time 00:00:36.1435368
Attributes:  
2015-01-12 17:27:41,595 [1] INFO  CustomerSiteLogin   
2015-01-12 17:27:41,597 [1] INFO  CustomerSite   
2015-01-12 17:27:41,601 [1] INFO  ********************************************************************************
Scenario Namespace SunGard.PNE.Test.CustomerSite.Specs.Features.CustomerSiteLogin
Scenario Name LoginWithEmptyUsernameAndInvalidPassword
Execution Time 00:00:39.1863192
Attributes:  
2015-01-12 17:27:41,614 [1] INFO  CustomerSiteLogin   
2015-01-12 17:27:41,616 [1] INFO  CustomerSite   
2015-01-12 17:27:41,620 [1] INFO  ********************************************************************************
Scenario Namespace SunGard.PNE.Test.CustomerSite.Specs.Features.CustomerSiteLogin
Scenario Name LoginWithEmptyPassword
Execution Time 00:00:40.6757232
Attributes:  
2015-01-12 17:27:41,632 [1] INFO  CustomerSite   
2015-01-12 17:27:41,633 [1] INFO  CustomerSiteLogin   
2015-01-12 17:27:41,637 [1] INFO  ********************************************************************************
Scenario Namespace SunGard.PNE.Test.CustomerSite.Specs.Features.CustomerSiteLogin
Scenario Name LoginWithEmptyPasswordAndInvalidPassword
Execution Time 00:00:42.0371784
Attributes:  
2015-01-12 17:27:41,648 [1] INFO  CustomerSite   
2015-01-12 17:27:41,649 [1] INFO  CustomerSiteLogin   
2015-01-12 17:27:41,652 [1] INFO  ********************************************************************************
Scenario Namespace SunGard.PNE.Test.CustomerSite.Specs.Features.CustomerSiteLogin
Scenario Name LoginWithValidCredentials
Execution Time 00:00:43.0827600
Attributes:  
2015-01-12 17:27:41,660 [1] INFO  CustomerSiteLogin   
2015-01-12 17:27:41,662 [1] INFO  CustomerSite   
2015-01-12 17:27:41,663 [1] INFO  User   
2015-01-12 17:27:41,665 [1] INFO  Smoke   
2015-01-12 17:27:41,668 [1] INFO  ********************************************************************************
Scenario Namespace SunGard.PNE.Test.CustomerSite.Specs.Features.CustomerSiteLogout
Scenario Name UserClicksOnLogoutLink
Execution Time 00:00:43.0473537
Attributes:  
2015-01-12 17:27:41,676 [1] INFO  Smoke   
2015-01-12 17:27:41,677 [1] INFO  Logout   
2015-01-12 17:27:41,681 [1] INFO  ********************************************************************************
Scenario Namespace SunGard.PNE.Test.CustomerSite.Specs.Features.CustomerSiteNavigation
Scenario Name NavigateTheBottomfooterNavigationMenu
Execution Time 00:00:22.4887509
Attributes:  
2015-01-12 17:27:41,690 [1] INFO  Footer   
2015-01-12 17:27:41,691 [1] INFO  Smoke   
2015-01-12 17:27:41,693 [1] INFO  CustomerSite   
2015-01-12 17:27:41,694 [1] INFO  Navigation   
2015-01-12 17:27:41,698 [1] INFO  ********************************************************************************
Scenario Namespace SunGard.PNE.Test.CustomerSite.Specs.Features.CustomerSiteNavigation
Scenario Name NavigateTheMainNavigationMenuAdministration
Execution Time 00:00:27.6002397
Attributes:  
2015-01-12 17:27:41,705 [1] INFO  CustomerSite   
2015-01-12 17:27:41,706 [1] INFO  Smoke   
2015-01-12 17:27:41,707 [1] INFO  Navigation   
2015-01-12 17:27:41,708 [1] INFO  Main   
2015-01-12 17:27:41,709 [1] INFO  Administration   
2015-01-12 17:27:41,712 [1] INFO  ********************************************************************************
Scenario Namespace SunGard.PNE.Test.CustomerSite.Specs.Features.CustomerSiteNavigation
Scenario Name NavigateTheMainNavigationMenuVendors
Execution Time 00:00:29.8130184
Attributes:  
2015-01-12 17:27:41,721 [1] INFO  Vendors   
2015-01-12 17:27:41,722 [1] INFO  Smoke   
2015-01-12 17:27:41,723 [1] INFO  Navigation   
2015-01-12 17:27:41,724 [1] INFO  Main   
2015-01-12 17:27:41,724 [1] INFO  CustomerSite   
2015-01-12 17:27:41,728 [1] INFO  ********************************************************************************
Scenario Namespace SunGard.PNE.Test.CustomerSite.Specs.Features.CustomerSiteNavigation
Scenario Name NavigateTheMainNavigationMenuReports
Execution Time 00:00:34.1425854
Attributes:  
2015-01-12 17:27:41,736 [1] INFO  Navigation   
2015-01-12 17:27:41,737 [1] INFO  CustomerSite   
2015-01-12 17:27:41,738 [1] INFO  Smoke   
2015-01-12 17:27:41,739 [1] INFO  Main   
2015-01-12 17:27:41,740 [1] INFO  Reports   
2015-01-12 17:27:41,742 [1] INFO  --------------------
  Message:   Expected: True
  But was:  False

--------------------

2015-01-12 17:27:41,748 [1] INFO  ********************************************************************************
Scenario Namespace SunGard.PNE.Test.CustomerSite.Specs.Features.CustomerSiteNavigation
Scenario Name NavigateTheMainNavigationMenuJobs
Execution Time 00:00:38.6561340
Attributes:  
2015-01-12 17:27:41,757 [1] INFO  Main   
2015-01-12 17:27:41,759 [1] INFO  Smoke   
2015-01-12 17:27:41,759 [1] INFO  Navigation   
2015-01-12 17:27:41,760 [1] INFO  CustomerSite   
2015-01-12 17:27:41,761 [1] INFO  Jobs   
2015-01-12 17:27:41,764 [1] INFO  --------------------
  Message:   http://d1.paynetexchange.com/sungard/Customer/Jobs/UploadFile.aspx
  Expected: True
  But was:  False

--------------------

2015-01-12 17:27:41,861 [1] INFO  *******************************************************************************
Troll Time: 00:06:00.3481098
>>>>>>> 9e41592... Logs/Tarsvin.log.txt
*******************************************************************************
All available tests are completed
*******************************************************************************
=======
>>>>>>> 5f354d7ad448a2e14eca1c4a92de45258f2383b6

